2015-03-14 04:48:13: -- Analysis Started by On File Change 1st Full Analyze
2015-03-14 04:48:13: Слева: State file does not exist: E:/Server/home/whart.maevnik.ru/www/_gsdata_/_file_state_v4._gs
2015-03-14 04:48:14: /.htaccess: Конфликт: Новые файлы, которые отличаются
2015-03-14 04:48:14: /core/controller/GC.php: Конфликт: Новые файлы, которые отличаются
2015-03-14 04:48:14: /core/controller/index.php: Конфликт: Новые файлы, которые отличаются
2015-03-14 04:48:14: /core/model/GM.php: Конфликт: Новые файлы, которые отличаются
2015-03-14 04:48:14: /core/view/index/show.php: Конфликт: Новые файлы, которые отличаются
2015-03-14 04:48:14: /index.php: Конфликт: Новые файлы, которые отличаются
2015-03-14 04:48:14: Изменений: 13, Конфликтов: 0, Копий Времени: 0, Копий Состояния: 5/0, Ошибок: 0, All: 19
2015-03-14 04:48:14: Left to Right: Copy File: 7 
2015-03-14 04:48:14: Right to Left: Copy File: 6 Copy State: 5 
2015-03-14 04:48:14: == Sync Started by On File Change 1st Full Analyze
2015-03-14 04:48:14: Скопировано поверх 'E:/Server/home/whart.maevnik.ru/www/.htaccess' -> 'ftp://whart.maevnik.ru/maevnik.ru/htdocs/whart/.htaccess'
2015-03-14 04:48:14: Скопировано поверх 'E:/Server/home/whart.maevnik.ru/www/core/controller/GC.php' -> 'ftp://whart.maevnik.ru/maevnik.ru/htdocs/whart/core/controller/GC.php'
2015-03-14 04:48:15: Скопировано поверх 'E:/Server/home/whart.maevnik.ru/www/core/controller/index.php' -> 'ftp://whart.maevnik.ru/maevnik.ru/htdocs/whart/core/controller/index.php'
2015-03-14 04:48:15: Скопирован новый 'ftp://whart.maevnik.ru/maevnik.ru/htdocs/whart/core/model/Client' -> 'E:/Server/home/whart.maevnik.ru/www/core/model/Client'
2015-03-14 04:48:15: Скопировано поверх 'E:/Server/home/whart.maevnik.ru/www/core/model/GM.php' -> 'ftp://whart.maevnik.ru/maevnik.ru/htdocs/whart/core/model/GM.php'
2015-03-14 04:48:15: Скопирован новый 'ftp://whart.maevnik.ru/maevnik.ru/htdocs/whart/core/model/RM.php' -> 'E:/Server/home/whart.maevnik.ru/www/core/model/RM.php'
2015-03-14 04:48:15: Скопирован новый 'ftp://whart.maevnik.ru/maevnik.ru/htdocs/whart/core/model/Route.class.php' -> 'E:/Server/home/whart.maevnik.ru/www/core/model/Route.class.php'
2015-03-14 04:48:15: Скопирован новый 'ftp://whart.maevnik.ru/maevnik.ru/htdocs/whart/core/Reg.php' -> 'E:/Server/home/whart.maevnik.ru/www/core/Reg.php'
2015-03-14 04:48:15: Скопирован новый 'ftp://whart.maevnik.ru/maevnik.ru/htdocs/whart/core/Router.class.php' -> 'E:/Server/home/whart.maevnik.ru/www/core/Router.class.php'
2015-03-14 04:48:15: Скопирован новый 'E:/Server/home/whart.maevnik.ru/www/core/router.php' -> 'ftp://whart.maevnik.ru/maevnik.ru/htdocs/whart/core/router.php'
2015-03-14 04:48:15: Скопирован новый 'ftp://whart.maevnik.ru/maevnik.ru/htdocs/whart/core/settings.php' -> 'E:/Server/home/whart.maevnik.ru/www/core/settings.php'
2015-03-14 04:48:16: Скопировано поверх 'E:/Server/home/whart.maevnik.ru/www/core/view/index/show.php' -> 'ftp://whart.maevnik.ru/maevnik.ru/htdocs/whart/core/view/index/show.php'
2015-03-14 04:48:16: Скопировано поверх 'E:/Server/home/whart.maevnik.ru/www/index.php' -> 'ftp://whart.maevnik.ru/maevnik.ru/htdocs/whart/index.php'
2015-03-14 04:48:16: ===== Синхронизация завершена. Время 00:00:02, Скорость: 5,26 КБ/s файлов/сек =====, Синхронизировано: 18, Ошибок: 0
2015-03-14 04:48:17: -- Analysis Started by On File Change PostSync Re-Analyze
2015-03-14 04:48:17: Изменений: 0, Конфликтов: 0, Копий Времени: 0, Копий Состояния: 0/0, Ошибок: 0, All: 19
2015-03-14 04:48:17: ----- Анализ завершён. Время 00:00:03, Скорость: 6 файлов/сек -----
2015-03-14 04:48:17: 
